{"C:\\Users\\Devi Andri Aldi\\Documents\\altera\\materi-tugas-altera\\tugas-week-2\\JavaScript-2\\problem1\\problem1.ts": {"path":"C:\\Users\\Devi Andri Aldi\\Documents\\altera\\materi-tugas-altera\\tugas-week-2\\JavaScript-2\\problem1\\problem1.ts","statementMap":{"0":{"start":{"line":1,"column":16},"end":{"line":13,"column":1}},"1":{"start":{"line":4,"column":18},"end":{"line":4,"column":20}},"2":{"start":{"line":5,"column":2},"end":{"line":11,"column":null}},"3":{"start":{"line":5,"column":15},"end":{"line":5,"column":16}},"4":{"start":{"line":6,"column":4},"end":{"line":10,"column":null}},"5":{"start":{"line":6,"column":17},"end":{"line":6,"column":22}},"6":{"start":{"line":7,"column":6},"end":{"line":9,"column":null}},"7":{"start":{"line":8,"column":8},"end":{"line":8,"column":27}},"8":{"start":{"line":12,"column":2},"end":{"line":12,"column":19}},"9":{"start":{"line":15,"column":0},"end":{"line":15,"column":23}}},"fnMap":{"0":{"name":"(anonymous_0)","decl":{"start":{"line":1,"column":16},"end":{"line":1,"column":17}},"loc":{"start":{"line":1,"column":50},"end":{"line":13,"column":1}}}},"branchMap":{"0":{"loc":{"start":{"line":7,"column":6},"end":{"line":9,"column":null}},"type":"if","locations":[{"start":{"line":7,"column":6},"end":{"line":9,"column":null}}]}},"s":{"0":1,"1":5,"2":5,"3":5,"4":21,"5":21,"6":34,"7":5,"8":5,"9":1},"f":{"0":5},"b":{"0":[5]}}
,"C:\\Users\\Devi Andri Aldi\\Documents\\altera\\materi-tugas-altera\\tugas-week-2\\JavaScript-2\\problem2\\problem2.ts": {"path":"C:\\Users\\Devi Andri Aldi\\Documents\\altera\\materi-tugas-altera\\tugas-week-2\\JavaScript-2\\problem2\\problem2.ts","statementMap":{"0":{"start":{"line":1,"column":28},"end":{"line":19,"column":1}},"1":{"start":{"line":4,"column":15},"end":{"line":4,"column":17}},"2":{"start":{"line":6,"column":2},"end":{"line":16,"column":null}},"3":{"start":{"line":6,"column":15},"end":{"line":6,"column":16}},"4":{"start":{"line":7,"column":4},"end":{"line":7,"column":19}},"5":{"start":{"line":8,"column":4},"end":{"line":15,"column":null}},"6":{"start":{"line":8,"column":17},"end":{"line":8,"column":18}},"7":{"start":{"line":9,"column":17},"end":{"line":9,"column":45}},"8":{"start":{"line":10,"column":6},"end":{"line":14,"column":null}},"9":{"start":{"line":11,"column":8},"end":{"line":11,"column":38}},"10":{"start":{"line":12,"column":13},"end":{"line":14,"column":null}},"11":{"start":{"line":13,"column":8},"end":{"line":13,"column":39}},"12":{"start":{"line":18,"column":2},"end":{"line":18,"column":16}},"13":{"start":{"line":21,"column":0},"end":{"line":21,"column":35}}},"fnMap":{"0":{"name":"(anonymous_0)","decl":{"start":{"line":1,"column":28},"end":{"line":1,"column":29}},"loc":{"start":{"line":1,"column":47},"end":{"line":19,"column":1}}}},"branchMap":{"0":{"loc":{"start":{"line":10,"column":6},"end":{"line":14,"column":null}},"type":"if","locations":[{"start":{"line":10,"column":6},"end":{"line":14,"column":null}},{"start":{"line":12,"column":13},"end":{"line":14,"column":null}}]},"1":{"loc":{"start":{"line":12,"column":13},"end":{"line":14,"column":null}},"type":"if","locations":[{"start":{"line":12,"column":13},"end":{"line":14,"column":null}}]}},"s":{"0":1,"1":1,"2":1,"3":1,"4":9,"5":9,"6":9,"7":81,"8":81,"9":58,"10":23,"11":23,"12":1,"13":1},"f":{"0":1},"b":{"0":[58,23],"1":[23]}}
,"C:\\Users\\Devi Andri Aldi\\Documents\\altera\\materi-tugas-altera\\tugas-week-2\\JavaScript-2\\problem3\\problem3.ts": {"path":"C:\\Users\\Devi Andri Aldi\\Documents\\altera\\materi-tugas-altera\\tugas-week-2\\JavaScript-2\\problem3\\problem3.ts","statementMap":{"0":{"start":{"line":1,"column":20},"end":{"line":42,"column":1}},"1":{"start":{"line":3,"column":27},"end":{"line":3,"column":55}},"2":{"start":{"line":5,"column":26},"end":{"line":5,"column":28}},"3":{"start":{"line":6,"column":2},"end":{"line":8,"column":null}},"4":{"start":{"line":6,"column":15},"end":{"line":6,"column":38}},"5":{"start":{"line":7,"column":4},"end":{"line":7,"column":18}},"6":{"start":{"line":9,"column":27},"end":{"line":9,"column":29}},"7":{"start":{"line":10,"column":2},"end":{"line":12,"column":null}},"8":{"start":{"line":10,"column":15},"end":{"line":10,"column":16}},"9":{"start":{"line":11,"column":4},"end":{"line":11,"column":19}},"10":{"start":{"line":14,"column":23},"end":{"line":14,"column":25}},"11":{"start":{"line":16,"column":2},"end":{"line":38,"column":null}},"12":{"start":{"line":17,"column":4},"end":{"line":36,"column":null}},"13":{"start":{"line":18,"column":6},"end":{"line":35,"column":null}},"14":{"start":{"line":19,"column":8},"end":{"line":23,"column":null}},"15":{"start":{"line":20,"column":10},"end":{"line":20,"column":53}},"16":{"start":{"line":22,"column":10},"end":{"line":22,"column":28}},"17":{"start":{"line":25,"column":8},"end":{"line":34,"column":null}},"18":{"start":{"line":31,"column":10},"end":{"line":31,"column":53}},"19":{"start":{"line":33,"column":10},"end":{"line":33,"column":28}},"20":{"start":{"line":37,"column":4},"end":{"line":37,"column":23}},"21":{"start":{"line":40,"column":2},"end":{"line":40,"column":26}},"22":{"start":{"line":44,"column":0},"end":{"line":44,"column":27}}},"fnMap":{"0":{"name":"(anonymous_0)","decl":{"start":{"line":1,"column":20},"end":{"line":1,"column":21}},"loc":{"start":{"line":1,"column":37},"end":{"line":42,"column":1}}}},"branchMap":{"0":{"loc":{"start":{"line":18,"column":6},"end":{"line":35,"column":null}},"type":"if","locations":[{"start":{"line":18,"column":6},"end":{"line":35,"column":null}},{"start":{"line":24,"column":13},"end":{"line":35,"column":null}}]},"1":{"loc":{"start":{"line":19,"column":8},"end":{"line":23,"column":null}},"type":"if","locations":[{"start":{"line":19,"column":8},"end":{"line":23,"column":null}},{"start":{"line":21,"column":15},"end":{"line":23,"column":null}}]},"2":{"loc":{"start":{"line":19,"column":12},"end":{"line":19,"column":57}},"type":"binary-expr","locations":[{"start":{"line":19,"column":12},"end":{"line":19,"column":32}},{"start":{"line":19,"column":36},"end":{"line":19,"column":57}}]},"3":{"loc":{"start":{"line":25,"column":8},"end":{"line":34,"column":null}},"type":"if","locations":[{"start":{"line":25,"column":8},"end":{"line":34,"column":null}},{"start":{"line":32,"column":15},"end":{"line":34,"column":null}}]},"4":{"loc":{"start":{"line":26,"column":10},"end":{"line":29,"column":21}},"type":"binary-expr","locations":[{"start":{"line":26,"column":10},"end":{"line":27,"column":20}},{"start":{"line":28,"column":10},"end":{"line":29,"column":21}}]}},"s":{"0":1,"1":2,"2":2,"3":2,"4":2,"5":14,"6":2,"7":2,"8":2,"9":14,"10":2,"11":2,"12":14,"13":106,"14":60,"15":14,"16":46,"17":46,"18":10,"19":36,"20":14,"21":2,"22":1},"f":{"0":2},"b":{"0":[60,46],"1":[14,46],"2":[60,52],"3":[10,36],"4":[46,40]}}
,"C:\\Users\\Devi Andri Aldi\\Documents\\altera\\materi-tugas-altera\\tugas-week-2\\JavaScript-2\\problem4\\problem4.ts": {"path":"C:\\Users\\Devi Andri Aldi\\Documents\\altera\\materi-tugas-altera\\tugas-week-2\\JavaScript-2\\problem4\\problem4.ts","statementMap":{"0":{"start":{"line":1,"column":27},"end":{"line":18,"column":1}},"1":{"start":{"line":4,"column":15},"end":{"line":4,"column":16}},"2":{"start":{"line":5,"column":2},"end":{"line":16,"column":null}},"3":{"start":{"line":5,"column":15},"end":{"line":5,"column":16}},"4":{"start":{"line":6,"column":16},"end":{"line":6,"column":18}},"5":{"start":{"line":7,"column":18},"end":{"line":7,"column":19}},"6":{"start":{"line":8,"column":4},"end":{"line":11,"column":null}},"7":{"start":{"line":9,"column":6},"end":{"line":9,"column":37}},"8":{"start":{"line":10,"column":6},"end":{"line":10,"column":18}},"9":{"start":{"line":12,"column":14},"end":{"line":12,"column":43}},"10":{"start":{"line":12,"column":37},"end":{"line":12,"column":42}},"11":{"start":{"line":13,"column":4},"end":{"line":15,"column":null}},"12":{"start":{"line":14,"column":6},"end":{"line":14,"column":19}},"13":{"start":{"line":17,"column":2},"end":{"line":17,"column":16}},"14":{"start":{"line":20,"column":0},"end":{"line":20,"column":34}}},"fnMap":{"0":{"name":"(anonymous_0)","decl":{"start":{"line":1,"column":27},"end":{"line":1,"column":28}},"loc":{"start":{"line":1,"column":56},"end":{"line":18,"column":1}}},"1":{"name":"(anonymous_1)","decl":{"start":{"line":12,"column":27},"end":{"line":12,"column":28}},"loc":{"start":{"line":12,"column":37},"end":{"line":12,"column":42}}}},"branchMap":{"0":{"loc":{"start":{"line":13,"column":4},"end":{"line":15,"column":null}},"type":"if","locations":[{"start":{"line":13,"column":4},"end":{"line":15,"column":null}}]}},"s":{"0":1,"1":5,"2":5,"3":5,"4":26,"5":26,"6":26,"7":73,"8":73,"9":26,"10":47,"11":26,"12":8,"13":5,"14":1},"f":{"0":5,"1":47},"b":{"0":[8]}}
}
