TN:
SF:problem1\problem1.ts
FN:1,(anonymous_0)
FNF:1
FNH:1
FNDA:5,(anonymous_0)
DA:1,1
DA:4,5
DA:5,5
DA:6,21
DA:7,34
DA:8,5
DA:12,5
DA:15,1
LF:8
LH:8
BRDA:7,0,0,5
BRF:1
BRH:1
end_of_record
TN:
SF:problem2\problem2.ts
FN:1,(anonymous_0)
FNF:1
FNH:1
FNDA:1,(anonymous_0)
DA:1,1
DA:4,1
DA:6,1
DA:7,9
DA:8,9
DA:9,81
DA:10,81
DA:11,58
DA:12,23
DA:13,23
DA:18,1
DA:21,1
LF:12
LH:12
BRDA:10,0,0,58
BRDA:10,0,1,23
BRDA:12,1,0,23
BRF:3
BRH:3
end_of_record
TN:
SF:problem3\problem3.ts
FN:1,(anonymous_0)
FNF:1
FNH:1
FNDA:2,(anonymous_0)
DA:1,1
DA:3,2
DA:5,2
DA:6,2
DA:7,14
DA:9,2
DA:10,2
DA:11,14
DA:14,2
DA:16,2
DA:17,14
DA:18,106
DA:19,60
DA:20,14
DA:22,46
DA:25,46
DA:31,10
DA:33,36
DA:37,14
DA:40,2
DA:44,1
LF:21
LH:21
BRDA:18,0,0,60
BRDA:18,0,1,46
BRDA:19,1,0,14
BRDA:19,1,1,46
BRDA:19,2,0,60
BRDA:19,2,1,52
BRDA:25,3,0,10
BRDA:25,3,1,36
BRDA:26,4,0,46
BRDA:26,4,1,40
BRF:10
BRH:10
end_of_record
TN:
SF:problem4\problem4.ts
FN:1,(anonymous_0)
FN:12,(anonymous_1)
FNF:2
FNH:2
FNDA:5,(anonymous_0)
FNDA:47,(anonymous_1)
DA:1,1
DA:4,5
DA:5,5
DA:6,26
DA:7,26
DA:8,26
DA:9,73
DA:10,73
DA:12,47
DA:13,26
DA:14,8
DA:17,5
DA:20,1
LF:13
LH:13
BRDA:13,0,0,8
BRF:1
BRH:1
end_of_record
